<?xml version="1.0" encoding="UTF-8"?>
<testsuite name="DecryptTest" tests="1" skipped="0" failures="0" errors="0" timestamp="2020-01-26T14:56:32" hostname="sean-Lenovo-B50-80" time="0.003">
  <properties/>
  <testcase name="Decrypting_shiftAlphabet_String" classname="DecryptTest" time="0.003"/>
  <system-out><![CDATA[]]></system-out>
  <system-err><![CDATA[]]></system-err>
</testsuite>
